<?xml version="1.0" encoding="UTF-8"?>
<!-- Generated by org.testng.reporters.JUnitXMLReporter -->
<testsuite ignored="0" hostname="DESKTOP-LAKB5DO" failures="7" tests="20" name="APIAutomationTest" time="21.251" errors="0" timestamp="2024-05-04T21:49:20 ICT">
  <testcase classname="APITest" name="TC04UpdateIDUserTidakValid" time="4.958">
    <failure type="java.lang.AssertionError" message="expected [404] but found [400]">
      <![CDATA[java.lang.AssertionError: expected [404] but found [400]
at APITest.TC04UpdateIDUserTidakValid(APITest.java:322)
at java.base/java.util.ArrayList.forEach(ArrayList.java:1541)
at com.intellij.rt.testng.IDEARemoteTestNG.run(IDEARemoteTestNG.java:65)
at com.intellij.rt.testng.RemoteTestNGStarter.main(RemoteTestNGStarter.java:105)
... Removed 31 stack frames]]>
    </failure>
  </testcase> <!-- TC04UpdateIDUserTidakValid -->
  <testcase classname="APITest" name="TC06UpdatefirstNameValid" time="3.119"/>
  <testcase classname="APITest" name="TC14CreateWithExistingData" time="0.588"/>
  <testcase classname="APITest" name="TC18UpdatefirstNameInvalid" time="0.699">
    <failure type="java.lang.AssertionError" message="1 expectation failed.
Response body doesn&amp;apos;t match expectation.
Expected: The content to match the given JSON schema.
error: instance type (integer) does not match any allowed primitive type (allowed: [&amp;quot;string&amp;quot;])
    level: &amp;quot;error&amp;quot;
    schema: {&amp;quot;loadingURI&amp;quot;:&amp;quot;file:/E:/POLBAN/SEMESTER%206/Pengujian%20Perangkat%20Lunak/Praktek/Pertemuan%2012/APIAutomationTest/target/test-classes/schema.json#&amp;quot;,&amp;quot;pointer&amp;quot;:&amp;quot;/properties/firstName&amp;quot;}
    instance: {&amp;quot;pointer&amp;quot;:&amp;quot;/firstName&amp;quot;}
    domain: &amp;quot;validation&amp;quot;
    keyword: &amp;quot;type&amp;quot;
    found: &amp;quot;integer&amp;quot;
    expected: [&amp;quot;string&amp;quot;]

  Actual: {&amp;quot;id&amp;quot;:&amp;quot;60d0fe4f5311236168a109cc&amp;quot;,&amp;quot;title&amp;quot;:&amp;quot;miss&amp;quot;,&amp;quot;firstName&amp;quot;:123,&amp;quot;lastName&amp;quot;:&amp;quot;Barbosa&amp;quot;,&amp;quot;picture&amp;quot;:&amp;quot;https://randomuser.me/api/portraits/med/women/28.jpg&amp;quot;,&amp;quot;gender&amp;quot;:&amp;quot;female&amp;quot;,&amp;quot;email&amp;quot;:&amp;quot;edina.barbosa@example.com&amp;quot;,&amp;quot;dateOfBirth&amp;quot;:&amp;quot;1952-09-03T13:27:29.424Z&amp;quot;,&amp;quot;phone&amp;quot;:&amp;quot;(64) 5796-9260&amp;quot;,&amp;quot;location&amp;quot;:{&amp;quot;street&amp;quot;:&amp;quot;8750, Rua Carlos Gomes&amp;quot;,&amp;quot;city&amp;quot;:&amp;quot;Recife&amp;quot;,&amp;quot;state&amp;quot;:&amp;quot;CearÃ¡&amp;quot;,&amp;quot;country&amp;quot;:&amp;quot;Brazil&amp;quot;,&amp;quot;timezone&amp;quot;:&amp;quot;+1:00&amp;quot;},&amp;quot;registerDate&amp;quot;:&amp;quot;2021-06-21T21:02:07.719Z&amp;quot;,&amp;quot;updatedDate&amp;quot;:&amp;quot;2021-06-21T21:02:07.719Z&amp;quot;}
">
      <![CDATA[java.lang.AssertionError: 1 expectation failed.
Response body doesn't match expectation.
Expected: The content to match the given JSON schema.
error: instance type (integer) does not match any allowed primitive type (allowed: ["string"])
    level: "error"
    schema: {"loadingURI":"file:/E:/POLBAN/SEMESTER%206/Pengujian%20Perangkat%20Lunak/Praktek/Pertemuan%2012/APIAutomationTest/target/test-classes/schema.json#","pointer":"/properties/firstName"}
    instance: {"pointer":"/firstName"}
    domain: "validation"
    keyword: "type"
    found: "integer"
    expected: ["string"]

  Actual: {"id":"60d0fe4f5311236168a109cc","title":"miss","firstName":123,"lastName":"Barbosa","picture":"https://randomuser.me/api/portraits/med/women/28.jpg","gender":"female","email":"edina.barbosa@example.com","dateOfBirth":"1952-09-03T13:27:29.424Z","phone":"(64) 5796-9260","location":{"street":"8750, Rua Carlos Gomes","city":"Recife","state":"CearÃ¡","country":"Brazil","timezone":"+1:00"},"registerDate":"2021-06-21T21:02:07.719Z","updatedDate":"2021-06-21T21:02:07.719Z"}

at org.codehaus.groovy.runtime.callsite.ConstructorSite$ConstructorSiteNoUnwrap.callConstructor(ConstructorSite.java:86)
at org.codehaus.groovy.runtime.callsite.CallSiteArray.defaultCallConstructor(CallSiteArray.java:57)
at org.codehaus.groovy.runtime.callsite.AbstractCallSite.callConstructor(AbstractCallSite.java:263)
at org.codehaus.groovy.runtime.callsite.AbstractCallSite.callConstructor(AbstractCallSite.java:277)
at io.restassured.internal.ResponseSpecificationImpl$HamcrestAssertionClosure.validate(ResponseSpecificationImpl.groovy:512)
at io.restassured.internal.ResponseSpecificationImpl$HamcrestAssertionClosure$validate$1.call(Unknown Source)
at io.restassured.internal.ResponseSpecificationImpl.validateResponseIfRequired(ResponseSpecificationImpl.groovy:696)
at io.restassured.internal.ResponseSpecificationImpl.this$2$validateResponseIfRequired(ResponseSpecificationImpl.groovy)
at org.codehaus.groovy.runtime.callsite.PlainObjectMetaMethodSite.doInvoke(PlainObjectMetaMethodSite.java:43)
at org.codehaus.groovy.runtime.callsite.PogoMetaMethodSite$PogoCachedMethodSiteNoUnwrapNoCoerce.invoke(PogoMetaMethodSite.java:198)
at org.codehaus.groovy.runtime.callsite.PogoMetaMethodSite.callCurrent(PogoMetaMethodSite.java:62)
at org.codehaus.groovy.runtime.callsite.AbstractCallSite.callCurrent(AbstractCallSite.java:185)
at io.restassured.internal.ResponseSpecificationImpl.body(ResponseSpecificationImpl.groovy:107)
at io.restassured.internal.ValidatableResponseOptionsImpl.body(ValidatableResponseOptionsImpl.java:238)
at APITest.TC18UpdatefirstNameInvalid(APITest.java:387)
at java.base/java.util.ArrayList.forEach(ArrayList.java:1541)
at com.intellij.rt.testng.IDEARemoteTestNG.run(IDEARemoteTestNG.java:65)
at com.intellij.rt.testng.RemoteTestNGStarter.main(RemoteTestNGStarter.java:105)
... Removed 34 stack frames]]>
    </failure>
  </testcase> <!-- TC18UpdatefirstNameInvalid -->
  <testcase classname="APITest" name="TC19UpdatefirstNameKurangDari2Karakter" time="0.616">
    <failure type="java.lang.AssertionError" message="1 expectation failed.
Response body doesn&amp;apos;t match expectation.
Expected: The content to match the given JSON schema.
error: string &amp;quot;a&amp;quot; is too short (length: 1, required minimum: 2)
    level: &amp;quot;error&amp;quot;
    schema: {&amp;quot;loadingURI&amp;quot;:&amp;quot;file:/E:/POLBAN/SEMESTER%206/Pengujian%20Perangkat%20Lunak/Praktek/Pertemuan%2012/APIAutomationTest/target/test-classes/schema.json#&amp;quot;,&amp;quot;pointer&amp;quot;:&amp;quot;/properties/firstName&amp;quot;}
    instance: {&amp;quot;pointer&amp;quot;:&amp;quot;/firstName&amp;quot;}
    domain: &amp;quot;validation&amp;quot;
    keyword: &amp;quot;minLength&amp;quot;
    value: &amp;quot;a&amp;quot;
    found: 1
    minLength: 2

  Actual: {&amp;quot;id&amp;quot;:&amp;quot;60d0fe4f5311236168a109cc&amp;quot;,&amp;quot;title&amp;quot;:&amp;quot;miss&amp;quot;,&amp;quot;firstName&amp;quot;:&amp;quot;a&amp;quot;,&amp;quot;lastName&amp;quot;:&amp;quot;Barbosa&amp;quot;,&amp;quot;picture&amp;quot;:&amp;quot;https://randomuser.me/api/portraits/med/women/28.jpg&amp;quot;,&amp;quot;gender&amp;quot;:&amp;quot;female&amp;quot;,&amp;quot;email&amp;quot;:&amp;quot;edina.barbosa@example.com&amp;quot;,&amp;quot;dateOfBirth&amp;quot;:&amp;quot;1952-09-03T13:27:29.424Z&amp;quot;,&amp;quot;phone&amp;quot;:&amp;quot;(64) 5796-9260&amp;quot;,&amp;quot;location&amp;quot;:{&amp;quot;street&amp;quot;:&amp;quot;8750, Rua Carlos Gomes&amp;quot;,&amp;quot;city&amp;quot;:&amp;quot;Recife&amp;quot;,&amp;quot;state&amp;quot;:&amp;quot;CearÃ¡&amp;quot;,&amp;quot;country&amp;quot;:&amp;quot;Brazil&amp;quot;,&amp;quot;timezone&amp;quot;:&amp;quot;+1:00&amp;quot;},&amp;quot;registerDate&amp;quot;:&amp;quot;2021-06-21T21:02:07.719Z&amp;quot;,&amp;quot;updatedDate&amp;quot;:&amp;quot;2021-06-21T21:02:07.719Z&amp;quot;}
">
      <![CDATA[java.lang.AssertionError: 1 expectation failed.
Response body doesn't match expectation.
Expected: The content to match the given JSON schema.
error: string "a" is too short (length: 1, required minimum: 2)
    level: "error"
    schema: {"loadingURI":"file:/E:/POLBAN/SEMESTER%206/Pengujian%20Perangkat%20Lunak/Praktek/Pertemuan%2012/APIAutomationTest/target/test-classes/schema.json#","pointer":"/properties/firstName"}
    instance: {"pointer":"/firstName"}
    domain: "validation"
    keyword: "minLength"
    value: "a"
    found: 1
    minLength: 2

  Actual: {"id":"60d0fe4f5311236168a109cc","title":"miss","firstName":"a","lastName":"Barbosa","picture":"https://randomuser.me/api/portraits/med/women/28.jpg","gender":"female","email":"edina.barbosa@example.com","dateOfBirth":"1952-09-03T13:27:29.424Z","phone":"(64) 5796-9260","location":{"street":"8750, Rua Carlos Gomes","city":"Recife","state":"CearÃ¡","country":"Brazil","timezone":"+1:00"},"registerDate":"2021-06-21T21:02:07.719Z","updatedDate":"2021-06-21T21:02:07.719Z"}

at org.codehaus.groovy.runtime.callsite.ConstructorSite$ConstructorSiteNoUnwrap.callConstructor(ConstructorSite.java:86)
at org.codehaus.groovy.runtime.callsite.AbstractCallSite.callConstructor(AbstractCallSite.java:277)
at io.restassured.internal.ResponseSpecificationImpl$HamcrestAssertionClosure.validate(ResponseSpecificationImpl.groovy:512)
at io.restassured.internal.ResponseSpecificationImpl$HamcrestAssertionClosure$validate$1.call(Unknown Source)
at io.restassured.internal.ResponseSpecificationImpl.validateResponseIfRequired(ResponseSpecificationImpl.groovy:696)
at io.restassured.internal.ResponseSpecificationImpl.this$2$validateResponseIfRequired(ResponseSpecificationImpl.groovy)
at org.codehaus.groovy.runtime.callsite.PlainObjectMetaMethodSite.doInvoke(PlainObjectMetaMethodSite.java:43)
at org.codehaus.groovy.runtime.callsite.PogoMetaMethodSite$PogoCachedMethodSiteNoUnwrapNoCoerce.invoke(PogoMetaMethodSite.java:198)
at org.codehaus.groovy.runtime.callsite.PogoMetaMethodSite.callCurrent(PogoMetaMethodSite.java:62)
at org.codehaus.groovy.runtime.callsite.AbstractCallSite.callCurrent(AbstractCallSite.java:185)
at io.restassured.internal.ResponseSpecificationImpl.body(ResponseSpecificationImpl.groovy:107)
at io.restassured.internal.ValidatableResponseOptionsImpl.body(ValidatableResponseOptionsImpl.java:238)
at APITest.TC19UpdatefirstNameKurangDari2Karakter(APITest.java:417)
at java.base/java.util.ArrayList.forEach(ArrayList.java:1541)
at com.intellij.rt.testng.IDEARemoteTestNG.run(IDEARemoteTestNG.java:65)
at com.intellij.rt.testng.RemoteTestNGStarter.main(RemoteTestNGStarter.java:105)
... Removed 34 stack frames]]>
    </failure>
  </testcase> <!-- TC19UpdatefirstNameKurangDari2Karakter -->
  <testcase classname="APITest" name="TC1UnauthorizedDelete" time="0.498"/>
  <testcase classname="APITest" name="TC1UnauthorizedGET" time="0.469"/>
  <testcase classname="APITest" name="TC2InvalidAuthorization" time="0.621"/>
  <testcase classname="APITest" name="TC3CreateValidRequiredFieldOnly" time="0.531">
    <failure type="java.lang.AssertionError" message="expected [200] but found [400]">
      <![CDATA[java.lang.AssertionError: expected [200] but found [400]
at APITest.TC3CreateValidRequiredFieldOnly(APITest.java:151)
at java.base/java.util.ArrayList.forEach(ArrayList.java:1541)
at com.intellij.rt.testng.IDEARemoteTestNG.run(IDEARemoteTestNG.java:65)
at com.intellij.rt.testng.RemoteTestNGStarter.main(RemoteTestNGStarter.java:105)
... Removed 31 stack frames]]>
    </failure>
  </testcase> <!-- TC3CreateValidRequiredFieldOnly -->
  <testcase classname="APITest" name="TC3DeleteValidUserID" time="0.556">
    <failure type="java.lang.AssertionError" message="expected [200] but found [404]">
      <![CDATA[java.lang.AssertionError: expected [200] but found [404]
at APITest.TC3DeleteValidUserID(APITest.java:493)
at java.base/java.util.ArrayList.forEach(ArrayList.java:1541)
at com.intellij.rt.testng.IDEARemoteTestNG.run(IDEARemoteTestNG.java:65)
at com.intellij.rt.testng.RemoteTestNGStarter.main(RemoteTestNGStarter.java:105)
... Removed 31 stack frames]]>
    </failure>
  </testcase> <!-- TC3DeleteValidUserID -->
  <testcase classname="APITest" name="TC3GetValidUserID" time="0.631"/>
  <testcase classname="APITest" name="TC48UpdateemailKosong" time="0.626"/>
  <testcase classname="APITest" name="TC52CreateTimezoneInvalid" time="0.646">
    <failure type="java.lang.AssertionError" message="expected [{&amp;quot;error&amp;quot;:&amp;quot;BODY_NOT_VALID&amp;quot;}] but found [{&amp;quot;error&amp;quot;:&amp;quot;BODY_NOT_VALID&amp;quot;,&amp;quot;data&amp;quot;:{&amp;quot;email&amp;quot;:&amp;quot;Email already used&amp;quot;}}]">
      <![CDATA[java.lang.AssertionError: expected [{"error":"BODY_NOT_VALID"}] but found [{"error":"BODY_NOT_VALID","data":{"email":"Email already used"}}]
at APITest.TC52CreateTimezoneInvalid(APITest.java:299)
at java.base/java.util.ArrayList.forEach(ArrayList.java:1541)
at com.intellij.rt.testng.IDEARemoteTestNG.run(IDEARemoteTestNG.java:65)
at com.intellij.rt.testng.RemoteTestNGStarter.main(RemoteTestNGStarter.java:105)
... Removed 30 stack frames]]>
    </failure>
  </testcase> <!-- TC52CreateTimezoneInvalid -->
  <testcase classname="APITest" name="TC5CreateFirstNameOnly" time="0.535"/>
  <testcase classname="APITest" name="TC5DeleteInvalidFormatUserID" time="0.776"/>
  <testcase classname="APITest" name="TC5GETInvalidFormatUserID" time="0.52"/>
  <testcase classname="APITest" name="TC6DeleteNonExistUserID" time="0.917"/>
  <testcase classname="APITest" name="TC6GETNonExistUserID" time="1.121"/>
  <testcase classname="APITest" name="TC7DeleteEmptyUserID" time="0.853"/>
  <testcase classname="APITest" name="TC8CreateAllFieldsValid" time="1.765">
    <failure type="java.lang.AssertionError" message="expected [200] but found [400]">
      <![CDATA[java.lang.AssertionError: expected [200] but found [400]
at APITest.TC8CreateAllFieldsValid(APITest.java:218)
at java.base/java.util.ArrayList.forEach(ArrayList.java:1541)
at com.intellij.rt.testng.IDEARemoteTestNG.run(IDEARemoteTestNG.java:65)
at com.intellij.rt.testng.RemoteTestNGStarter.main(RemoteTestNGStarter.java:105)
... Removed 31 stack frames]]>
    </failure>
  </testcase> <!-- TC8CreateAllFieldsValid -->
</testsuite> <!-- APIAutomationTest -->
