<?xml version="1.0" encoding="UTF-8"?>
<testng-results ignored="0" total="20" passed="16" failed="4" skipped="0">
  <reporter-output>
  </reporter-output>
  <suite started-at="2024-05-04T21:27:01 ICT" name="Default Suite" finished-at="2024-05-04T21:27:17 ICT" duration-ms="16567">
    <groups>
    </groups>
    <test started-at="2024-05-04T21:27:01 ICT" name="APIAutomationTest" finished-at="2024-05-04T21:27:17 ICT" duration-ms="16567">
      <class name="APITest">
        <test-method signature="TC04UpdateIDUserTidakValid()[pri:0, instance:APITest@31f9b85e]" started-at="2024-05-04T21:27:01 ICT" name="TC04UpdateIDUserTidakValid" finished-at="2024-05-04T21:27:04 ICT" duration-ms="3484" status="FAIL">
          <exception class="java.lang.AssertionError">
            <message>
              <![CDATA[expected [404] but found [400]]]>
            </message>
            <full-stacktrace>
              <![CDATA[java.lang.AssertionError: expected [404] but found [400]
at org.testng.Assert.fail(Assert.java:111)
at org.testng.Assert.failNotEquals(Assert.java:1578)
at org.testng.Assert.assertEqualsImpl(Assert.java:150)
at org.testng.Assert.assertEquals(Assert.java:132)
at org.testng.Assert.assertEquals(Assert.java:1419)
at org.testng.Assert.assertEquals(Assert.java:1383)
at org.testng.Assert.assertEquals(Assert.java:1429)
at APITest.TC04UpdateIDUserTidakValid(APITest.java:322)
at java.base/jdk.internal.reflect.NativeMethodAccessorImpl.invoke0(Native Method)
at java.base/jdk.internal.reflect.NativeMethodAccessorImpl.invoke(NativeMethodAccessorImpl.java:62)
at java.base/jdk.internal.reflect.DelegatingMethodAccessorImpl.invoke(DelegatingMethodAccessorImpl.java:43)
at java.base/java.lang.reflect.Method.invoke(Method.java:566)
at org.testng.internal.invokers.MethodInvocationHelper.invokeMethod(MethodInvocationHelper.java:141)
at org.testng.internal.invokers.TestInvoker.invokeMethod(TestInvoker.java:686)
at org.testng.internal.invokers.TestInvoker.invokeTestMethod(TestInvoker.java:230)
at org.testng.internal.invokers.MethodRunner.runInSequence(MethodRunner.java:63)
at org.testng.internal.invokers.TestInvoker$MethodInvocationAgent.invoke(TestInvoker.java:992)
at org.testng.internal.invokers.TestInvoker.invokeTestMethods(TestInvoker.java:203)
at org.testng.internal.invokers.TestMethodWorker.invokeTestMethods(TestMethodWorker.java:154)
at org.testng.internal.invokers.TestMethodWorker.run(TestMethodWorker.java:134)
at java.base/java.util.ArrayList.forEach(ArrayList.java:1541)
at org.testng.TestRunner.privateRun(TestRunner.java:739)
at org.testng.TestRunner.run(TestRunner.java:614)
at org.testng.SuiteRunner.runTest(SuiteRunner.java:421)
at org.testng.SuiteRunner.runSequentially(SuiteRunner.java:413)
at org.testng.SuiteRunner.privateRun(SuiteRunner.java:373)
at org.testng.SuiteRunner.run(SuiteRunner.java:312)
at org.testng.SuiteRunnerWorker.runSuite(SuiteRunnerWorker.java:52)
at org.testng.SuiteRunnerWorker.run(SuiteRunnerWorker.java:95)
at org.testng.TestNG.runSuitesSequentially(TestNG.java:1274)
at org.testng.TestNG.runSuitesLocally(TestNG.java:1208)
at org.testng.TestNG.runSuites(TestNG.java:1112)
at org.testng.TestNG.run(TestNG.java:1079)
at com.intellij.rt.testng.IDEARemoteTestNG.run(IDEARemoteTestNG.java:65)
at com.intellij.rt.testng.RemoteTestNGStarter.main(RemoteTestNGStarter.java:105)
]]>
            </full-stacktrace>
          </exception> <!-- java.lang.AssertionError -->
          <reporter-output>
          </reporter-output>
        </test-method> <!-- TC04UpdateIDUserTidakValid -->
        <test-method signature="TC06UpdatefirstNameValid()[pri:0, instance:APITest@31f9b85e]" started-at="2024-05-04T21:27:04 ICT" name="TC06UpdatefirstNameValid" finished-at="2024-05-04T21:27:07 ICT" duration-ms="2893" status="PASS">
          <reporter-output>
          </reporter-output>
        </test-method> <!-- TC06UpdatefirstNameValid -->
        <test-method signature="TC14CreateWithExistingData()[pri:0, instance:APITest@31f9b85e]" started-at="2024-05-04T21:27:07 ICT" name="TC14CreateWithExistingData" finished-at="2024-05-04T21:27:08 ICT" duration-ms="664" status="PASS">
          <reporter-output>
          </reporter-output>
        </test-method> <!-- TC14CreateWithExistingData -->
        <test-method signature="TC18UpdatefirstNameInvalid()[pri:0, instance:APITest@31f9b85e]" started-at="2024-05-04T21:27:08 ICT" name="TC18UpdatefirstNameInvalid" finished-at="2024-05-04T21:27:08 ICT" duration-ms="748" status="FAIL">
          <exception class="java.lang.AssertionError">
            <message>
              <![CDATA[1 expectation failed.
Response body doesn't match expectation.
Expected: The content to match the given JSON schema.
error: instance type (integer) does not match any allowed primitive type (allowed: ["string"])
    level: "error"
    schema: {"loadingURI":"file:/E:/POLBAN/SEMESTER%206/Pengujian%20Perangkat%20Lunak/Praktek/Pertemuan%2012/APIAutomationTest/target/test-classes/schema.json#","pointer":"/properties/firstName"}
    instance: {"pointer":"/firstName"}
    domain: "validation"
    keyword: "type"
    found: "integer"
    expected: ["string"]

  Actual: {"id":"60d0fe4f5311236168a109cc","title":"miss","firstName":123,"lastName":"Barbosa","picture":"https://randomuser.me/api/portraits/med/women/28.jpg","gender":"female","email":"edina.barbosa@example.com","dateOfBirth":"1952-09-03T13:27:29.424Z","phone":"(64) 5796-9260","location":{"street":"8750, Rua Carlos Gomes","city":"Recife","state":"CearÃ¡","country":"Brazil","timezone":"+1:00"},"registerDate":"2021-06-21T21:02:07.719Z","updatedDate":"2021-06-21T21:02:07.719Z"}
]]>
            </message>
            <full-stacktrace>
              <![CDATA[java.lang.AssertionError: 1 expectation failed.
Response body doesn't match expectation.
Expected: The content to match the given JSON schema.
error: instance type (integer) does not match any allowed primitive type (allowed: ["string"])
    level: "error"
    schema: {"loadingURI":"file:/E:/POLBAN/SEMESTER%206/Pengujian%20Perangkat%20Lunak/Praktek/Pertemuan%2012/APIAutomationTest/target/test-classes/schema.json#","pointer":"/properties/firstName"}
    instance: {"pointer":"/firstName"}
    domain: "validation"
    keyword: "type"
    found: "integer"
    expected: ["string"]

  Actual: {"id":"60d0fe4f5311236168a109cc","title":"miss","firstName":123,"lastName":"Barbosa","picture":"https://randomuser.me/api/portraits/med/women/28.jpg","gender":"female","email":"edina.barbosa@example.com","dateOfBirth":"1952-09-03T13:27:29.424Z","phone":"(64) 5796-9260","location":{"street":"8750, Rua Carlos Gomes","city":"Recife","state":"CearÃ¡","country":"Brazil","timezone":"+1:00"},"registerDate":"2021-06-21T21:02:07.719Z","updatedDate":"2021-06-21T21:02:07.719Z"}

at java.base/jdk.internal.reflect.NativeConstructorAccessorImpl.newInstance0(Native Method)
at java.base/jdk.internal.reflect.NativeConstructorAccessorImpl.newInstance(NativeConstructorAccessorImpl.java:62)
at java.base/jdk.internal.reflect.DelegatingConstructorAccessorImpl.newInstance(DelegatingConstructorAccessorImpl.java:45)
at java.base/java.lang.reflect.Constructor.newInstance(Constructor.java:490)
at org.codehaus.groovy.reflection.CachedConstructor.invoke(CachedConstructor.java:73)
at org.codehaus.groovy.reflection.CachedConstructor.doConstructorInvoke(CachedConstructor.java:60)
at org.codehaus.groovy.runtime.callsite.ConstructorSite$ConstructorSiteNoUnwrap.callConstructor(ConstructorSite.java:86)
at org.codehaus.groovy.runtime.callsite.CallSiteArray.defaultCallConstructor(CallSiteArray.java:57)
at org.codehaus.groovy.runtime.callsite.AbstractCallSite.callConstructor(AbstractCallSite.java:263)
at org.codehaus.groovy.runtime.callsite.AbstractCallSite.callConstructor(AbstractCallSite.java:277)
at io.restassured.internal.ResponseSpecificationImpl$HamcrestAssertionClosure.validate(ResponseSpecificationImpl.groovy:512)
at io.restassured.internal.ResponseSpecificationImpl$HamcrestAssertionClosure$validate$1.call(Unknown Source)
at io.restassured.internal.ResponseSpecificationImpl.validateResponseIfRequired(ResponseSpecificationImpl.groovy:696)
at io.restassured.internal.ResponseSpecificationImpl.this$2$validateResponseIfRequired(ResponseSpecificationImpl.groovy)
at java.base/jdk.internal.reflect.NativeMethodAccessorImpl.invoke0(Native Method)
at java.base/jdk.internal.reflect.NativeMethodAccessorImpl.invoke(NativeMethodAccessorImpl.java:62)
at java.base/jdk.internal.reflect.DelegatingMethodAccessorImpl.invoke(DelegatingMethodAccessorImpl.java:43)
at java.base/java.lang.reflect.Method.invoke(Method.java:566)
at org.codehaus.groovy.runtime.callsite.PlainObjectMetaMethodSite.doInvoke(PlainObjectMetaMethodSite.java:43)
at org.codehaus.groovy.runtime.callsite.PogoMetaMethodSite$PogoCachedMethodSiteNoUnwrapNoCoerce.invoke(PogoMetaMethodSite.java:198)
at org.codehaus.groovy.runtime.callsite.PogoMetaMethodSite.callCurrent(PogoMetaMethodSite.java:62)
at org.codehaus.groovy.runtime.callsite.AbstractCallSite.callCurrent(AbstractCallSite.java:185)
at io.restassured.internal.ResponseSpecificationImpl.body(ResponseSpecificationImpl.groovy:107)
at io.restassured.internal.ValidatableResponseOptionsImpl.body(ValidatableResponseOptionsImpl.java:238)
at APITest.TC18UpdatefirstNameInvalid(APITest.java:387)
at java.base/jdk.internal.reflect.NativeMethodAccessorImpl.invoke0(Native Method)
at java.base/jdk.internal.reflect.NativeMethodAccessorImpl.invoke(NativeMethodAccessorImpl.java:62)
at java.base/jdk.internal.reflect.DelegatingMethodAccessorImpl.invoke(DelegatingMethodAccessorImpl.java:43)
at java.base/java.lang.reflect.Method.invoke(Method.java:566)
at org.testng.internal.invokers.MethodInvocationHelper.invokeMethod(MethodInvocationHelper.java:141)
at org.testng.internal.invokers.TestInvoker.invokeMethod(TestInvoker.java:686)
at org.testng.internal.invokers.TestInvoker.invokeTestMethod(TestInvoker.java:230)
at org.testng.internal.invokers.MethodRunner.runInSequence(MethodRunner.java:63)
at org.testng.internal.invokers.TestInvoker$MethodInvocationAgent.invoke(TestInvoker.java:992)
at org.testng.internal.invokers.TestInvoker.invokeTestMethods(TestInvoker.java:203)
at org.testng.internal.invokers.TestMethodWorker.invokeTestMethods(TestMethodWorker.java:154)
at org.testng.internal.invokers.TestMethodWorker.run(TestMethodWorker.java:134)
at java.base/java.util.ArrayList.forEach(ArrayList.java:1541)
at org.testng.TestRunner.privateRun(TestRunner.java:739)
at org.testng.TestRunner.run(TestRunner.java:614)
at org.testng.SuiteRunner.runTest(SuiteRunner.java:421)
at org.testng.SuiteRunner.runSequentially(SuiteRunner.java:413)
at org.testng.SuiteRunner.privateRun(SuiteRunner.java:373)
at org.testng.SuiteRunner.run(SuiteRunner.java:312)
at org.testng.SuiteRunnerWorker.runSuite(SuiteRunnerWorker.java:52)
at org.testng.SuiteRunnerWorker.run(SuiteRunnerWorker.java:95)
at org.testng.TestNG.runSuitesSequentially(TestNG.java:1274)
at org.testng.TestNG.runSuitesLocally(TestNG.java:1208)
at org.testng.TestNG.runSuites(TestNG.java:1112)
at org.testng.TestNG.run(TestNG.java:1079)
at com.intellij.rt.testng.IDEARemoteTestNG.run(IDEARemoteTestNG.java:65)
at com.intellij.rt.testng.RemoteTestNGStarter.main(RemoteTestNGStarter.java:105)
]]>
            </full-stacktrace>
          </exception> <!-- java.lang.AssertionError -->
          <reporter-output>
          </reporter-output>
        </test-method> <!-- TC18UpdatefirstNameInvalid -->
        <test-method signature="TC19UpdatefirstNameKurangDari2Karakter()[pri:0, instance:APITest@31f9b85e]" started-at="2024-05-04T21:27:08 ICT" name="TC19UpdatefirstNameKurangDari2Karakter" finished-at="2024-05-04T21:27:09 ICT" duration-ms="575" status="FAIL">
          <exception class="java.lang.AssertionError">
            <message>
              <![CDATA[1 expectation failed.
Response body doesn't match expectation.
Expected: The content to match the given JSON schema.
error: string "a" is too short (length: 1, required minimum: 2)
    level: "error"
    schema: {"loadingURI":"file:/E:/POLBAN/SEMESTER%206/Pengujian%20Perangkat%20Lunak/Praktek/Pertemuan%2012/APIAutomationTest/target/test-classes/schema.json#","pointer":"/properties/firstName"}
    instance: {"pointer":"/firstName"}
    domain: "validation"
    keyword: "minLength"
    value: "a"
    found: 1
    minLength: 2

  Actual: {"id":"60d0fe4f5311236168a109cc","title":"miss","firstName":"a","lastName":"Barbosa","picture":"https://randomuser.me/api/portraits/med/women/28.jpg","gender":"female","email":"edina.barbosa@example.com","dateOfBirth":"1952-09-03T13:27:29.424Z","phone":"(64) 5796-9260","location":{"street":"8750, Rua Carlos Gomes","city":"Recife","state":"CearÃ¡","country":"Brazil","timezone":"+1:00"},"registerDate":"2021-06-21T21:02:07.719Z","updatedDate":"2021-06-21T21:02:07.719Z"}
]]>
            </message>
            <full-stacktrace>
              <![CDATA[java.lang.AssertionError: 1 expectation failed.
Response body doesn't match expectation.
Expected: The content to match the given JSON schema.
error: string "a" is too short (length: 1, required minimum: 2)
    level: "error"
    schema: {"loadingURI":"file:/E:/POLBAN/SEMESTER%206/Pengujian%20Perangkat%20Lunak/Praktek/Pertemuan%2012/APIAutomationTest/target/test-classes/schema.json#","pointer":"/properties/firstName"}
    instance: {"pointer":"/firstName"}
    domain: "validation"
    keyword: "minLength"
    value: "a"
    found: 1
    minLength: 2

  Actual: {"id":"60d0fe4f5311236168a109cc","title":"miss","firstName":"a","lastName":"Barbosa","picture":"https://randomuser.me/api/portraits/med/women/28.jpg","gender":"female","email":"edina.barbosa@example.com","dateOfBirth":"1952-09-03T13:27:29.424Z","phone":"(64) 5796-9260","location":{"street":"8750, Rua Carlos Gomes","city":"Recife","state":"CearÃ¡","country":"Brazil","timezone":"+1:00"},"registerDate":"2021-06-21T21:02:07.719Z","updatedDate":"2021-06-21T21:02:07.719Z"}

at java.base/jdk.internal.reflect.NativeConstructorAccessorImpl.newInstance0(Native Method)
at java.base/jdk.internal.reflect.NativeConstructorAccessorImpl.newInstance(NativeConstructorAccessorImpl.java:62)
at java.base/jdk.internal.reflect.DelegatingConstructorAccessorImpl.newInstance(DelegatingConstructorAccessorImpl.java:45)
at java.base/java.lang.reflect.Constructor.newInstance(Constructor.java:490)
at org.codehaus.groovy.reflection.CachedConstructor.invoke(CachedConstructor.java:73)
at org.codehaus.groovy.reflection.CachedConstructor.doConstructorInvoke(CachedConstructor.java:60)
at org.codehaus.groovy.runtime.callsite.ConstructorSite$ConstructorSiteNoUnwrap.callConstructor(ConstructorSite.java:86)
at org.codehaus.groovy.runtime.callsite.AbstractCallSite.callConstructor(AbstractCallSite.java:277)
at io.restassured.internal.ResponseSpecificationImpl$HamcrestAssertionClosure.validate(ResponseSpecificationImpl.groovy:512)
at io.restassured.internal.ResponseSpecificationImpl$HamcrestAssertionClosure$validate$1.call(Unknown Source)
at io.restassured.internal.ResponseSpecificationImpl.validateResponseIfRequired(ResponseSpecificationImpl.groovy:696)
at io.restassured.internal.ResponseSpecificationImpl.this$2$validateResponseIfRequired(ResponseSpecificationImpl.groovy)
at java.base/jdk.internal.reflect.NativeMethodAccessorImpl.invoke0(Native Method)
at java.base/jdk.internal.reflect.NativeMethodAccessorImpl.invoke(NativeMethodAccessorImpl.java:62)
at java.base/jdk.internal.reflect.DelegatingMethodAccessorImpl.invoke(DelegatingMethodAccessorImpl.java:43)
at java.base/java.lang.reflect.Method.invoke(Method.java:566)
at org.codehaus.groovy.runtime.callsite.PlainObjectMetaMethodSite.doInvoke(PlainObjectMetaMethodSite.java:43)
at org.codehaus.groovy.runtime.callsite.PogoMetaMethodSite$PogoCachedMethodSiteNoUnwrapNoCoerce.invoke(PogoMetaMethodSite.java:198)
at org.codehaus.groovy.runtime.callsite.PogoMetaMethodSite.callCurrent(PogoMetaMethodSite.java:62)
at org.codehaus.groovy.runtime.callsite.AbstractCallSite.callCurrent(AbstractCallSite.java:185)
at io.restassured.internal.ResponseSpecificationImpl.body(ResponseSpecificationImpl.groovy:107)
at io.restassured.internal.ValidatableResponseOptionsImpl.body(ValidatableResponseOptionsImpl.java:238)
at APITest.TC19UpdatefirstNameKurangDari2Karakter(APITest.java:417)
at java.base/jdk.internal.reflect.NativeMethodAccessorImpl.invoke0(Native Method)
at java.base/jdk.internal.reflect.NativeMethodAccessorImpl.invoke(NativeMethodAccessorImpl.java:62)
at java.base/jdk.internal.reflect.DelegatingMethodAccessorImpl.invoke(DelegatingMethodAccessorImpl.java:43)
at java.base/java.lang.reflect.Method.invoke(Method.java:566)
at org.testng.internal.invokers.MethodInvocationHelper.invokeMethod(MethodInvocationHelper.java:141)
at org.testng.internal.invokers.TestInvoker.invokeMethod(TestInvoker.java:686)
at org.testng.internal.invokers.TestInvoker.invokeTestMethod(TestInvoker.java:230)
at org.testng.internal.invokers.MethodRunner.runInSequence(MethodRunner.java:63)
at org.testng.internal.invokers.TestInvoker$MethodInvocationAgent.invoke(TestInvoker.java:992)
at org.testng.internal.invokers.TestInvoker.invokeTestMethods(TestInvoker.java:203)
at org.testng.internal.invokers.TestMethodWorker.invokeTestMethods(TestMethodWorker.java:154)
at org.testng.internal.invokers.TestMethodWorker.run(TestMethodWorker.java:134)
at java.base/java.util.ArrayList.forEach(ArrayList.java:1541)
at org.testng.TestRunner.privateRun(TestRunner.java:739)
at org.testng.TestRunner.run(TestRunner.java:614)
at org.testng.SuiteRunner.runTest(SuiteRunner.java:421)
at org.testng.SuiteRunner.runSequentially(SuiteRunner.java:413)
at org.testng.SuiteRunner.privateRun(SuiteRunner.java:373)
at org.testng.SuiteRunner.run(SuiteRunner.java:312)
at org.testng.SuiteRunnerWorker.runSuite(SuiteRunnerWorker.java:52)
at org.testng.SuiteRunnerWorker.run(SuiteRunnerWorker.java:95)
at org.testng.TestNG.runSuitesSequentially(TestNG.java:1274)
at org.testng.TestNG.runSuitesLocally(TestNG.java:1208)
at org.testng.TestNG.runSuites(TestNG.java:1112)
at org.testng.TestNG.run(TestNG.java:1079)
at com.intellij.rt.testng.IDEARemoteTestNG.run(IDEARemoteTestNG.java:65)
at com.intellij.rt.testng.RemoteTestNGStarter.main(RemoteTestNGStarter.java:105)
]]>
            </full-stacktrace>
          </exception> <!-- java.lang.AssertionError -->
          <reporter-output>
          </reporter-output>
        </test-method> <!-- TC19UpdatefirstNameKurangDari2Karakter -->
        <test-method signature="TC1UnauthorizedDelete()[pri:0, instance:APITest@31f9b85e]" started-at="2024-05-04T21:27:09 ICT" name="TC1UnauthorizedDelete" finished-at="2024-05-04T21:27:10 ICT" duration-ms="505" status="PASS">
          <reporter-output>
          </reporter-output>
        </test-method> <!-- TC1UnauthorizedDelete -->
        <test-method signature="TC1UnauthorizedGET()[pri:0, instance:APITest@31f9b85e]" started-at="2024-05-04T21:27:10 ICT" name="TC1UnauthorizedGET" finished-at="2024-05-04T21:27:10 ICT" duration-ms="450" status="PASS">
          <reporter-output>
          </reporter-output>
        </test-method> <!-- TC1UnauthorizedGET -->
        <test-method signature="TC2InvalidAuthorization()[pri:0, instance:APITest@31f9b85e]" started-at="2024-05-04T21:27:10 ICT" name="TC2InvalidAuthorization" finished-at="2024-05-04T21:27:11 ICT" duration-ms="711" status="PASS">
          <reporter-output>
          </reporter-output>
        </test-method> <!-- TC2InvalidAuthorization -->
        <test-method signature="TC3CreateValidRequiredFieldOnly()[pri:0, instance:APITest@31f9b85e]" started-at="2024-05-04T21:27:11 ICT" name="TC3CreateValidRequiredFieldOnly" finished-at="2024-05-04T21:27:11 ICT" duration-ms="596" status="PASS">
          <reporter-output>
          </reporter-output>
        </test-method> <!-- TC3CreateValidRequiredFieldOnly -->
        <test-method signature="TC3DeleteValidUserID()[pri:0, instance:APITest@31f9b85e]" started-at="2024-05-04T21:27:11 ICT" name="TC3DeleteValidUserID" finished-at="2024-05-04T21:27:12 ICT" duration-ms="592" status="PASS">
          <reporter-output>
          </reporter-output>
        </test-method> <!-- TC3DeleteValidUserID -->
        <test-method signature="TC3GetValidUserID()[pri:0, instance:APITest@31f9b85e]" started-at="2024-05-04T21:27:12 ICT" name="TC3GetValidUserID" finished-at="2024-05-04T21:27:12 ICT" duration-ms="533" status="PASS">
          <reporter-output>
          </reporter-output>
        </test-method> <!-- TC3GetValidUserID -->
        <test-method signature="TC48UpdateemailKosong()[pri:0, instance:APITest@31f9b85e]" started-at="2024-05-04T21:27:12 ICT" name="TC48UpdateemailKosong" finished-at="2024-05-04T21:27:13 ICT" duration-ms="609" status="PASS">
          <reporter-output>
          </reporter-output>
        </test-method> <!-- TC48UpdateemailKosong -->
        <test-method signature="TC52CreateTimezoneInvalid()[pri:0, instance:APITest@31f9b85e]" started-at="2024-05-04T21:27:13 ICT" name="TC52CreateTimezoneInvalid" finished-at="2024-05-04T21:27:14 ICT" duration-ms="540" status="FAIL">
          <exception class="java.lang.AssertionError">
            <message>
              <![CDATA[expected [{"error":"BODY_NOT_VALID"}] but found [{"error":"BODY_NOT_VALID","data":{"email":"Email already used"}}]]]>
            </message>
            <full-stacktrace>
              <![CDATA[java.lang.AssertionError: expected [{"error":"BODY_NOT_VALID"}] but found [{"error":"BODY_NOT_VALID","data":{"email":"Email already used"}}]
at org.testng.Assert.fail(Assert.java:111)
at org.testng.Assert.failNotEquals(Assert.java:1578)
at org.testng.Assert.assertEqualsImpl(Assert.java:150)
at org.testng.Assert.assertEquals(Assert.java:132)
at org.testng.Assert.assertEquals(Assert.java:656)
at org.testng.Assert.assertEquals(Assert.java:666)
at APITest.TC52CreateTimezoneInvalid(APITest.java:299)
at java.base/jdk.internal.reflect.NativeMethodAccessorImpl.invoke0(Native Method)
at java.base/jdk.internal.reflect.NativeMethodAccessorImpl.invoke(NativeMethodAccessorImpl.java:62)
at java.base/jdk.internal.reflect.DelegatingMethodAccessorImpl.invoke(DelegatingMethodAccessorImpl.java:43)
at java.base/java.lang.reflect.Method.invoke(Method.java:566)
at org.testng.internal.invokers.MethodInvocationHelper.invokeMethod(MethodInvocationHelper.java:141)
at org.testng.internal.invokers.TestInvoker.invokeMethod(TestInvoker.java:686)
at org.testng.internal.invokers.TestInvoker.invokeTestMethod(TestInvoker.java:230)
at org.testng.internal.invokers.MethodRunner.runInSequence(MethodRunner.java:63)
at org.testng.internal.invokers.TestInvoker$MethodInvocationAgent.invoke(TestInvoker.java:992)
at org.testng.internal.invokers.TestInvoker.invokeTestMethods(TestInvoker.java:203)
at org.testng.internal.invokers.TestMethodWorker.invokeTestMethods(TestMethodWorker.java:154)
at org.testng.internal.invokers.TestMethodWorker.run(TestMethodWorker.java:134)
at java.base/java.util.ArrayList.forEach(ArrayList.java:1541)
at org.testng.TestRunner.privateRun(TestRunner.java:739)
at org.testng.TestRunner.run(TestRunner.java:614)
at org.testng.SuiteRunner.runTest(SuiteRunner.java:421)
at org.testng.SuiteRunner.runSequentially(SuiteRunner.java:413)
at org.testng.SuiteRunner.privateRun(SuiteRunner.java:373)
at org.testng.SuiteRunner.run(SuiteRunner.java:312)
at org.testng.SuiteRunnerWorker.runSuite(SuiteRunnerWorker.java:52)
at org.testng.SuiteRunnerWorker.run(SuiteRunnerWorker.java:95)
at org.testng.TestNG.runSuitesSequentially(TestNG.java:1274)
at org.testng.TestNG.runSuitesLocally(TestNG.java:1208)
at org.testng.TestNG.runSuites(TestNG.java:1112)
at org.testng.TestNG.run(TestNG.java:1079)
at com.intellij.rt.testng.IDEARemoteTestNG.run(IDEARemoteTestNG.java:65)
at com.intellij.rt.testng.RemoteTestNGStarter.main(RemoteTestNGStarter.java:105)
]]>
            </full-stacktrace>
          </exception> <!-- java.lang.AssertionError -->
          <reporter-output>
          </reporter-output>
        </test-method> <!-- TC52CreateTimezoneInvalid -->
        <test-method signature="TC5CreateFirstNameOnly()[pri:0, instance:APITest@31f9b85e]" started-at="2024-05-04T21:27:14 ICT" name="TC5CreateFirstNameOnly" finished-at="2024-05-04T21:27:14 ICT" duration-ms="508" status="PASS">
          <reporter-output>
          </reporter-output>
        </test-method> <!-- TC5CreateFirstNameOnly -->
        <test-method signature="TC5DeleteInvalidFormatUserID()[pri:0, instance:APITest@31f9b85e]" started-at="2024-05-04T21:27:14 ICT" name="TC5DeleteInvalidFormatUserID" finished-at="2024-05-04T21:27:15 ICT" duration-ms="471" status="PASS">
          <reporter-output>
          </reporter-output>
        </test-method> <!-- TC5DeleteInvalidFormatUserID -->
        <test-method signature="TC5GETInvalidFormatUserID()[pri:0, instance:APITest@31f9b85e]" started-at="2024-05-04T21:27:15 ICT" name="TC5GETInvalidFormatUserID" finished-at="2024-05-04T21:27:15 ICT" duration-ms="470" status="PASS">
          <reporter-output>
          </reporter-output>
        </test-method> <!-- TC5GETInvalidFormatUserID -->
        <test-method signature="TC6DeleteNonExistUserID()[pri:0, instance:APITest@31f9b85e]" started-at="2024-05-04T21:27:15 ICT" name="TC6DeleteNonExistUserID" finished-at="2024-05-04T21:27:16 ICT" duration-ms="464" status="PASS">
          <reporter-output>
          </reporter-output>
        </test-method> <!-- TC6DeleteNonExistUserID -->
        <test-method signature="TC6GETNonExistUserID()[pri:0, instance:APITest@31f9b85e]" started-at="2024-05-04T21:27:16 ICT" name="TC6GETNonExistUserID" finished-at="2024-05-04T21:27:16 ICT" duration-ms="438" status="PASS">
          <reporter-output>
          </reporter-output>
        </test-method> <!-- TC6GETNonExistUserID -->
        <test-method signature="TC7DeleteEmptyUserID()[pri:0, instance:APITest@31f9b85e]" started-at="2024-05-04T21:27:16 ICT" name="TC7DeleteEmptyUserID" finished-at="2024-05-04T21:27:16 ICT" duration-ms="455" status="PASS">
          <reporter-output>
          </reporter-output>
        </test-method> <!-- TC7DeleteEmptyUserID -->
        <test-method signature="TC8CreateAllFieldsValid()[pri:0, instance:APITest@31f9b85e]" started-at="2024-05-04T21:27:16 ICT" name="TC8CreateAllFieldsValid" finished-at="2024-05-04T21:27:17 ICT" duration-ms="683" status="PASS">
          <reporter-output>
          </reporter-output>
        </test-method> <!-- TC8CreateAllFieldsValid -->
      </class> <!-- APITest -->
    </test> <!-- APIAutomationTest -->
  </suite> <!-- Default Suite -->
</testng-results>
