<?xml version="1.0" encoding="UTF-8"?>
<!-- Generated by org.testng.reporters.JUnitReportReporter -->
<testsuite hostname="DESKTOP-LAKB5DO" failures="4" tests="20" name="APITest" time="16.389" errors="0" timestamp="2024-05-04T21:27:17 ICT" skipped="0">
  <testcase classname="APITest" name="TC14CreateWithExistingData" time="0.664"/>
  <testcase classname="APITest" name="TC5CreateFirstNameOnly" time="0.508"/>
  <testcase classname="APITest" name="TC6GETNonExistUserID" time="0.438"/>
  <testcase classname="APITest" name="TC52CreateTimezoneInvalid" time="0.540">
    <failure message="expected [{&quot;error&quot;:&quot;BODY_NOT_VALID&quot;}] but found [{&quot;error&quot;:&quot;BODY_NOT_VALID&quot;,&quot;data&quot;:{&quot;email&quot;:&quot;Email already used&quot;}}]" type="java.lang.AssertionError">
      <![CDATA[java.lang.AssertionError: expected [{"error":"BODY_NOT_VALID"}] but found [{"error":"BODY_NOT_VALID","data":{"email":"Email already used"}}]
at org.testng.Assert.fail(Assert.java:111)
at org.testng.Assert.failNotEquals(Assert.java:1578)
at org.testng.Assert.assertEqualsImpl(Assert.java:150)
at org.testng.Assert.assertEquals(Assert.java:132)
at org.testng.Assert.assertEquals(Assert.java:656)
at org.testng.Assert.assertEquals(Assert.java:666)
at APITest.TC52CreateTimezoneInvalid(APITest.java:299)
at java.base/jdk.internal.reflect.NativeMethodAccessorImpl.invoke0(Native Method)
at java.base/jdk.internal.reflect.NativeMethodAccessorImpl.invoke(NativeMethodAccessorImpl.java:62)
at java.base/jdk.internal.reflect.DelegatingMethodAccessorImpl.invoke(DelegatingMethodAccessorImpl.java:43)
at java.base/java.lang.reflect.Method.invoke(Method.java:566)
at org.testng.internal.invokers.MethodInvocationHelper.invokeMethod(MethodInvocationHelper.java:141)
at org.testng.internal.invokers.TestInvoker.invokeMethod(TestInvoker.java:686)
at org.testng.internal.invokers.TestInvoker.invokeTestMethod(TestInvoker.java:230)
at org.testng.internal.invokers.MethodRunner.runInSequence(MethodRunner.java:63)
at org.testng.internal.invokers.TestInvoker$MethodInvocationAgent.invoke(TestInvoker.java:992)
at org.testng.internal.invokers.TestInvoker.invokeTestMethods(TestInvoker.java:203)
at org.testng.internal.invokers.TestMethodWorker.invokeTestMethods(TestMethodWorker.java:154)
at org.testng.internal.invokers.TestMethodWorker.run(TestMethodWorker.java:134)
at java.base/java.util.ArrayList.forEach(ArrayList.java:1541)
at org.testng.TestRunner.privateRun(TestRunner.java:739)
at org.testng.TestRunner.run(TestRunner.java:614)
at org.testng.SuiteRunner.runTest(SuiteRunner.java:421)
at org.testng.SuiteRunner.runSequentially(SuiteRunner.java:413)
at org.testng.SuiteRunner.privateRun(SuiteRunner.java:373)
at org.testng.SuiteRunner.run(SuiteRunner.java:312)
at org.testng.SuiteRunnerWorker.runSuite(SuiteRunnerWorker.java:52)
at org.testng.SuiteRunnerWorker.run(SuiteRunnerWorker.java:95)
at org.testng.TestNG.runSuitesSequentially(TestNG.java:1274)
at org.testng.TestNG.runSuitesLocally(TestNG.java:1208)
at org.testng.TestNG.runSuites(TestNG.java:1112)
at org.testng.TestNG.run(TestNG.java:1079)
at com.intellij.rt.testng.IDEARemoteTestNG.run(IDEARemoteTestNG.java:65)
at com.intellij.rt.testng.RemoteTestNGStarter.main(RemoteTestNGStarter.java:105)
]]>
    </failure>
  </testcase> <!-- TC52CreateTimezoneInvalid -->
  <testcase classname="APITest" name="TC5GETInvalidFormatUserID" time="0.470"/>
  <testcase classname="APITest" name="TC04UpdateIDUserTidakValid" time="3.484">
    <failure message="expected [404] but found [400]" type="java.lang.AssertionError">
      <![CDATA[java.lang.AssertionError: expected [404] but found [400]
at org.testng.Assert.fail(Assert.java:111)
at org.testng.Assert.failNotEquals(Assert.java:1578)
at org.testng.Assert.assertEqualsImpl(Assert.java:150)
at org.testng.Assert.assertEquals(Assert.java:132)
at org.testng.Assert.assertEquals(Assert.java:1419)
at org.testng.Assert.assertEquals(Assert.java:1383)
at org.testng.Assert.assertEquals(Assert.java:1429)
at APITest.TC04UpdateIDUserTidakValid(APITest.java:322)
at java.base/jdk.internal.reflect.NativeMethodAccessorImpl.invoke0(Native Method)
at java.base/jdk.internal.reflect.NativeMethodAccessorImpl.invoke(NativeMethodAccessorImpl.java:62)
at java.base/jdk.internal.reflect.DelegatingMethodAccessorImpl.invoke(DelegatingMethodAccessorImpl.java:43)
at java.base/java.lang.reflect.Method.invoke(Method.java:566)
at org.testng.internal.invokers.MethodInvocationHelper.invokeMethod(MethodInvocationHelper.java:141)
at org.testng.internal.invokers.TestInvoker.invokeMethod(TestInvoker.java:686)
at org.testng.internal.invokers.TestInvoker.invokeTestMethod(TestInvoker.java:230)
at org.testng.internal.invokers.MethodRunner.runInSequence(MethodRunner.java:63)
at org.testng.internal.invokers.TestInvoker$MethodInvocationAgent.invoke(TestInvoker.java:992)
at org.testng.internal.invokers.TestInvoker.invokeTestMethods(TestInvoker.java:203)
at org.testng.internal.invokers.TestMethodWorker.invokeTestMethods(TestMethodWorker.java:154)
at org.testng.internal.invokers.TestMethodWorker.run(TestMethodWorker.java:134)
at java.base/java.util.ArrayList.forEach(ArrayList.java:1541)
at org.testng.TestRunner.privateRun(TestRunner.java:739)
at org.testng.TestRunner.run(TestRunner.java:614)
at org.testng.SuiteRunner.runTest(SuiteRunner.java:421)
at org.testng.SuiteRunner.runSequentially(SuiteRunner.java:413)
at org.testng.SuiteRunner.privateRun(SuiteRunner.java:373)
at org.testng.SuiteRunner.run(SuiteRunner.java:312)
at org.testng.SuiteRunnerWorker.runSuite(SuiteRunnerWorker.java:52)
at org.testng.SuiteRunnerWorker.run(SuiteRunnerWorker.java:95)
at org.testng.TestNG.runSuitesSequentially(TestNG.java:1274)
at org.testng.TestNG.runSuitesLocally(TestNG.java:1208)
at org.testng.TestNG.runSuites(TestNG.java:1112)
at org.testng.TestNG.run(TestNG.java:1079)
at com.intellij.rt.testng.IDEARemoteTestNG.run(IDEARemoteTestNG.java:65)
at com.intellij.rt.testng.RemoteTestNGStarter.main(RemoteTestNGStarter.java:105)
]]>
    </failure>
  </testcase> <!-- TC04UpdateIDUserTidakValid -->
  <testcase classname="APITest" name="TC7DeleteEmptyUserID" time="0.455"/>
  <testcase classname="APITest" name="TC19UpdatefirstNameKurangDari2Karakter" time="0.575">
    <failure message="1 expectation failed.
Response body doesn&#039;t match expectation.
Expected: The content to match the given JSON schema.
error: string &quot;a&quot; is too short (length: 1, required minimum: 2)
    level: &quot;error&quot;
    schema: {&quot;loadingURI&quot;:&quot;file:/E:/POLBAN/SEMESTER%206/Pengujian%20Perangkat%20Lunak/Praktek/Pertemuan%2012/APIAutomationTest/target/test-classes/schema.json#&quot;,&quot;pointer&quot;:&quot;/properties/firstName&quot;}
    instance: {&quot;pointer&quot;:&quot;/firstName&quot;}
    domain: &quot;validation&quot;
    keyword: &quot;minLength&quot;
    value: &quot;a&quot;
    found: 1
    minLength: 2

  Actual: {&quot;id&quot;:&quot;60d0fe4f5311236168a109cc&quot;,&quot;title&quot;:&quot;miss&quot;,&quot;firstName&quot;:&quot;a&quot;,&quot;lastName&quot;:&quot;Barbosa&quot;,&quot;picture&quot;:&quot;https://randomuser.me/api/portraits/med/women/28.jpg&quot;,&quot;gender&quot;:&quot;female&quot;,&quot;email&quot;:&quot;edina.barbosa@example.com&quot;,&quot;dateOfBirth&quot;:&quot;1952-09-03T13:27:29.424Z&quot;,&quot;phone&quot;:&quot;(64) 5796-9260&quot;,&quot;location&quot;:{&quot;street&quot;:&quot;8750, Rua Carlos Gomes&quot;,&quot;city&quot;:&quot;Recife&quot;,&quot;state&quot;:&quot;CearÃ¡&quot;,&quot;country&quot;:&quot;Brazil&quot;,&quot;timezone&quot;:&quot;+1:00&quot;},&quot;registerDate&quot;:&quot;2021-06-21T21:02:07.719Z&quot;,&quot;updatedDate&quot;:&quot;2021-06-21T21:02:07.719Z&quot;}
" type="java.lang.AssertionError">
      <![CDATA[java.lang.AssertionError: 1 expectation failed.
Response body doesn't match expectation.
Expected: The content to match the given JSON schema.
error: string "a" is too short (length: 1, required minimum: 2)
    level: "error"
    schema: {"loadingURI":"file:/E:/POLBAN/SEMESTER%206/Pengujian%20Perangkat%20Lunak/Praktek/Pertemuan%2012/APIAutomationTest/target/test-classes/schema.json#","pointer":"/properties/firstName"}
    instance: {"pointer":"/firstName"}
    domain: "validation"
    keyword: "minLength"
    value: "a"
    found: 1
    minLength: 2

  Actual: {"id":"60d0fe4f5311236168a109cc","title":"miss","firstName":"a","lastName":"Barbosa","picture":"https://randomuser.me/api/portraits/med/women/28.jpg","gender":"female","email":"edina.barbosa@example.com","dateOfBirth":"1952-09-03T13:27:29.424Z","phone":"(64) 5796-9260","location":{"street":"8750, Rua Carlos Gomes","city":"Recife","state":"CearÃ¡","country":"Brazil","timezone":"+1:00"},"registerDate":"2021-06-21T21:02:07.719Z","updatedDate":"2021-06-21T21:02:07.719Z"}

at java.base/jdk.internal.reflect.NativeConstructorAccessorImpl.newInstance0(Native Method)
at java.base/jdk.internal.reflect.NativeConstructorAccessorImpl.newInstance(NativeConstructorAccessorImpl.java:62)
at java.base/jdk.internal.reflect.DelegatingConstructorAccessorImpl.newInstance(DelegatingConstructorAccessorImpl.java:45)
at java.base/java.lang.reflect.Constructor.newInstance(Constructor.java:490)
at org.codehaus.groovy.reflection.CachedConstructor.invoke(CachedConstructor.java:73)
at org.codehaus.groovy.reflection.CachedConstructor.doConstructorInvoke(CachedConstructor.java:60)
at org.codehaus.groovy.runtime.callsite.ConstructorSite$ConstructorSiteNoUnwrap.callConstructor(ConstructorSite.java:86)
at org.codehaus.groovy.runtime.callsite.AbstractCallSite.callConstructor(AbstractCallSite.java:277)
at io.restassured.internal.ResponseSpecificationImpl$HamcrestAssertionClosure.validate(ResponseSpecificationImpl.groovy:512)
at io.restassured.internal.ResponseSpecificationImpl$HamcrestAssertionClosure$validate$1.call(Unknown Source)
at io.restassured.internal.ResponseSpecificationImpl.validateResponseIfRequired(ResponseSpecificationImpl.groovy:696)
at io.restassured.internal.ResponseSpecificationImpl.this$2$validateResponseIfRequired(ResponseSpecificationImpl.groovy)
at java.base/jdk.internal.reflect.NativeMethodAccessorImpl.invoke0(Native Method)
at java.base/jdk.internal.reflect.NativeMethodAccessorImpl.invoke(NativeMethodAccessorImpl.java:62)
at java.base/jdk.internal.reflect.DelegatingMethodAccessorImpl.invoke(DelegatingMethodAccessorImpl.java:43)
at java.base/java.lang.reflect.Method.invoke(Method.java:566)
at org.codehaus.groovy.runtime.callsite.PlainObjectMetaMethodSite.doInvoke(PlainObjectMetaMethodSite.java:43)
at org.codehaus.groovy.runtime.callsite.PogoMetaMethodSite$PogoCachedMethodSiteNoUnwrapNoCoerce.invoke(PogoMetaMethodSite.java:198)
at org.codehaus.groovy.runtime.callsite.PogoMetaMethodSite.callCurrent(PogoMetaMethodSite.java:62)
at org.codehaus.groovy.runtime.callsite.AbstractCallSite.callCurrent(AbstractCallSite.java:185)
at io.restassured.internal.ResponseSpecificationImpl.body(ResponseSpecificationImpl.groovy:107)
at io.restassured.internal.ValidatableResponseOptionsImpl.body(ValidatableResponseOptionsImpl.java:238)
at APITest.TC19UpdatefirstNameKurangDari2Karakter(APITest.java:417)
at java.base/jdk.internal.reflect.NativeMethodAccessorImpl.invoke0(Native Method)
at java.base/jdk.internal.reflect.NativeMethodAccessorImpl.invoke(NativeMethodAccessorImpl.java:62)
at java.base/jdk.internal.reflect.DelegatingMethodAccessorImpl.invoke(DelegatingMethodAccessorImpl.java:43)
at java.base/java.lang.reflect.Method.invoke(Method.java:566)
at org.testng.internal.invokers.MethodInvocationHelper.invokeMethod(MethodInvocationHelper.java:141)
at org.testng.internal.invokers.TestInvoker.invokeMethod(TestInvoker.java:686)
at org.testng.internal.invokers.TestInvoker.invokeTestMethod(TestInvoker.java:230)
at org.testng.internal.invokers.MethodRunner.runInSequence(MethodRunner.java:63)
at org.testng.internal.invokers.TestInvoker$MethodInvocationAgent.invoke(TestInvoker.java:992)
at org.testng.internal.invokers.TestInvoker.invokeTestMethods(TestInvoker.java:203)
at org.testng.internal.invokers.TestMethodWorker.invokeTestMethods(TestMethodWorker.java:154)
at org.testng.internal.invokers.TestMethodWorker.run(TestMethodWorker.java:134)
at java.base/java.util.ArrayList.forEach(ArrayList.java:1541)
at org.testng.TestRunner.privateRun(TestRunner.java:739)
at org.testng.TestRunner.run(TestRunner.java:614)
at org.testng.SuiteRunner.runTest(SuiteRunner.java:421)
at org.testng.SuiteRunner.runSequentially(SuiteRunner.java:413)
at org.testng.SuiteRunner.privateRun(SuiteRunner.java:373)
at org.testng.SuiteRunner.run(SuiteRunner.java:312)
at org.testng.SuiteRunnerWorker.runSuite(SuiteRunnerWorker.java:52)
at org.testng.SuiteRunnerWorker.run(SuiteRunnerWorker.java:95)
at org.testng.TestNG.runSuitesSequentially(TestNG.java:1274)
at org.testng.TestNG.runSuitesLocally(TestNG.java:1208)
at org.testng.TestNG.runSuites(TestNG.java:1112)
at org.testng.TestNG.run(TestNG.java:1079)
at com.intellij.rt.testng.IDEARemoteTestNG.run(IDEARemoteTestNG.java:65)
at com.intellij.rt.testng.RemoteTestNGStarter.main(RemoteTestNGStarter.java:105)
]]>
    </failure>
  </testcase> <!-- TC19UpdatefirstNameKurangDari2Karakter -->
  <testcase classname="APITest" name="TC5DeleteInvalidFormatUserID" time="0.471"/>
  <testcase classname="APITest" name="TC18UpdatefirstNameInvalid" time="0.748">
    <failure message="1 expectation failed.
Response body doesn&#039;t match expectation.
Expected: The content to match the given JSON schema.
error: instance type (integer) does not match any allowed primitive type (allowed: [&quot;string&quot;])
    level: &quot;error&quot;
    schema: {&quot;loadingURI&quot;:&quot;file:/E:/POLBAN/SEMESTER%206/Pengujian%20Perangkat%20Lunak/Praktek/Pertemuan%2012/APIAutomationTest/target/test-classes/schema.json#&quot;,&quot;pointer&quot;:&quot;/properties/firstName&quot;}
    instance: {&quot;pointer&quot;:&quot;/firstName&quot;}
    domain: &quot;validation&quot;
    keyword: &quot;type&quot;
    found: &quot;integer&quot;
    expected: [&quot;string&quot;]

  Actual: {&quot;id&quot;:&quot;60d0fe4f5311236168a109cc&quot;,&quot;title&quot;:&quot;miss&quot;,&quot;firstName&quot;:123,&quot;lastName&quot;:&quot;Barbosa&quot;,&quot;picture&quot;:&quot;https://randomuser.me/api/portraits/med/women/28.jpg&quot;,&quot;gender&quot;:&quot;female&quot;,&quot;email&quot;:&quot;edina.barbosa@example.com&quot;,&quot;dateOfBirth&quot;:&quot;1952-09-03T13:27:29.424Z&quot;,&quot;phone&quot;:&quot;(64) 5796-9260&quot;,&quot;location&quot;:{&quot;street&quot;:&quot;8750, Rua Carlos Gomes&quot;,&quot;city&quot;:&quot;Recife&quot;,&quot;state&quot;:&quot;CearÃ¡&quot;,&quot;country&quot;:&quot;Brazil&quot;,&quot;timezone&quot;:&quot;+1:00&quot;},&quot;registerDate&quot;:&quot;2021-06-21T21:02:07.719Z&quot;,&quot;updatedDate&quot;:&quot;2021-06-21T21:02:07.719Z&quot;}
" type="java.lang.AssertionError">
      <![CDATA[java.lang.AssertionError: 1 expectation failed.
Response body doesn't match expectation.
Expected: The content to match the given JSON schema.
error: instance type (integer) does not match any allowed primitive type (allowed: ["string"])
    level: "error"
    schema: {"loadingURI":"file:/E:/POLBAN/SEMESTER%206/Pengujian%20Perangkat%20Lunak/Praktek/Pertemuan%2012/APIAutomationTest/target/test-classes/schema.json#","pointer":"/properties/firstName"}
    instance: {"pointer":"/firstName"}
    domain: "validation"
    keyword: "type"
    found: "integer"
    expected: ["string"]

  Actual: {"id":"60d0fe4f5311236168a109cc","title":"miss","firstName":123,"lastName":"Barbosa","picture":"https://randomuser.me/api/portraits/med/women/28.jpg","gender":"female","email":"edina.barbosa@example.com","dateOfBirth":"1952-09-03T13:27:29.424Z","phone":"(64) 5796-9260","location":{"street":"8750, Rua Carlos Gomes","city":"Recife","state":"CearÃ¡","country":"Brazil","timezone":"+1:00"},"registerDate":"2021-06-21T21:02:07.719Z","updatedDate":"2021-06-21T21:02:07.719Z"}

at java.base/jdk.internal.reflect.NativeConstructorAccessorImpl.newInstance0(Native Method)
at java.base/jdk.internal.reflect.NativeConstructorAccessorImpl.newInstance(NativeConstructorAccessorImpl.java:62)
at java.base/jdk.internal.reflect.DelegatingConstructorAccessorImpl.newInstance(DelegatingConstructorAccessorImpl.java:45)
at java.base/java.lang.reflect.Constructor.newInstance(Constructor.java:490)
at org.codehaus.groovy.reflection.CachedConstructor.invoke(CachedConstructor.java:73)
at org.codehaus.groovy.reflection.CachedConstructor.doConstructorInvoke(CachedConstructor.java:60)
at org.codehaus.groovy.runtime.callsite.ConstructorSite$ConstructorSiteNoUnwrap.callConstructor(ConstructorSite.java:86)
at org.codehaus.groovy.runtime.callsite.CallSiteArray.defaultCallConstructor(CallSiteArray.java:57)
at org.codehaus.groovy.runtime.callsite.AbstractCallSite.callConstructor(AbstractCallSite.java:263)
at org.codehaus.groovy.runtime.callsite.AbstractCallSite.callConstructor(AbstractCallSite.java:277)
at io.restassured.internal.ResponseSpecificationImpl$HamcrestAssertionClosure.validate(ResponseSpecificationImpl.groovy:512)
at io.restassured.internal.ResponseSpecificationImpl$HamcrestAssertionClosure$validate$1.call(Unknown Source)
at io.restassured.internal.ResponseSpecificationImpl.validateResponseIfRequired(ResponseSpecificationImpl.groovy:696)
at io.restassured.internal.ResponseSpecificationImpl.this$2$validateResponseIfRequired(ResponseSpecificationImpl.groovy)
at java.base/jdk.internal.reflect.NativeMethodAccessorImpl.invoke0(Native Method)
at java.base/jdk.internal.reflect.NativeMethodAccessorImpl.invoke(NativeMethodAccessorImpl.java:62)
at java.base/jdk.internal.reflect.DelegatingMethodAccessorImpl.invoke(DelegatingMethodAccessorImpl.java:43)
at java.base/java.lang.reflect.Method.invoke(Method.java:566)
at org.codehaus.groovy.runtime.callsite.PlainObjectMetaMethodSite.doInvoke(PlainObjectMetaMethodSite.java:43)
at org.codehaus.groovy.runtime.callsite.PogoMetaMethodSite$PogoCachedMethodSiteNoUnwrapNoCoerce.invoke(PogoMetaMethodSite.java:198)
at org.codehaus.groovy.runtime.callsite.PogoMetaMethodSite.callCurrent(PogoMetaMethodSite.java:62)
at org.codehaus.groovy.runtime.callsite.AbstractCallSite.callCurrent(AbstractCallSite.java:185)
at io.restassured.internal.ResponseSpecificationImpl.body(ResponseSpecificationImpl.groovy:107)
at io.restassured.internal.ValidatableResponseOptionsImpl.body(ValidatableResponseOptionsImpl.java:238)
at APITest.TC18UpdatefirstNameInvalid(APITest.java:387)
at java.base/jdk.internal.reflect.NativeMethodAccessorImpl.invoke0(Native Method)
at java.base/jdk.internal.reflect.NativeMethodAccessorImpl.invoke(NativeMethodAccessorImpl.java:62)
at java.base/jdk.internal.reflect.DelegatingMethodAccessorImpl.invoke(DelegatingMethodAccessorImpl.java:43)
at java.base/java.lang.reflect.Method.invoke(Method.java:566)
at org.testng.internal.invokers.MethodInvocationHelper.invokeMethod(MethodInvocationHelper.java:141)
at org.testng.internal.invokers.TestInvoker.invokeMethod(TestInvoker.java:686)
at org.testng.internal.invokers.TestInvoker.invokeTestMethod(TestInvoker.java:230)
at org.testng.internal.invokers.MethodRunner.runInSequence(MethodRunner.java:63)
at org.testng.internal.invokers.TestInvoker$MethodInvocationAgent.invoke(TestInvoker.java:992)
at org.testng.internal.invokers.TestInvoker.invokeTestMethods(TestInvoker.java:203)
at org.testng.internal.invokers.TestMethodWorker.invokeTestMethods(TestMethodWorker.java:154)
at org.testng.internal.invokers.TestMethodWorker.run(TestMethodWorker.java:134)
at java.base/java.util.ArrayList.forEach(ArrayList.java:1541)
at org.testng.TestRunner.privateRun(TestRunner.java:739)
at org.testng.TestRunner.run(TestRunner.java:614)
at org.testng.SuiteRunner.runTest(SuiteRunner.java:421)
at org.testng.SuiteRunner.runSequentially(SuiteRunner.java:413)
at org.testng.SuiteRunner.privateRun(SuiteRunner.java:373)
at org.testng.SuiteRunner.run(SuiteRunner.java:312)
at org.testng.SuiteRunnerWorker.runSuite(SuiteRunnerWorker.java:52)
at org.testng.SuiteRunnerWorker.run(SuiteRunnerWorker.java:95)
at org.testng.TestNG.runSuitesSequentially(TestNG.java:1274)
at org.testng.TestNG.runSuitesLocally(TestNG.java:1208)
at org.testng.TestNG.runSuites(TestNG.java:1112)
at org.testng.TestNG.run(TestNG.java:1079)
at com.intellij.rt.testng.IDEARemoteTestNG.run(IDEARemoteTestNG.java:65)
at com.intellij.rt.testng.RemoteTestNGStarter.main(RemoteTestNGStarter.java:105)
]]>
    </failure>
  </testcase> <!-- TC18UpdatefirstNameInvalid -->
  <testcase classname="APITest" name="TC3CreateValidRequiredFieldOnly" time="0.596"/>
  <testcase classname="APITest" name="TC2InvalidAuthorization" time="0.711"/>
  <testcase classname="APITest" name="TC6DeleteNonExistUserID" time="0.464"/>
  <testcase classname="APITest" name="TC3DeleteValidUserID" time="0.592"/>
  <testcase classname="APITest" name="TC48UpdateemailKosong" time="0.609"/>
  <testcase classname="APITest" name="TC06UpdatefirstNameValid" time="2.893"/>
  <testcase classname="APITest" name="TC1UnauthorizedGET" time="0.450"/>
  <testcase classname="APITest" name="TC1UnauthorizedDelete" time="0.505"/>
  <testcase classname="APITest" name="TC3GetValidUserID" time="0.533"/>
  <testcase classname="APITest" name="TC8CreateAllFieldsValid" time="0.683"/>
</testsuite> <!-- APITest -->
